Unity Editor version:    2020.3.30f1 (1fb1bf06830e)
Branch:                  2020.3/staging
Build type:              Release
Batch mode:              YES
macOS version:           Version 12.4 (Build 21F79)
Darwin version:          21.5.0
Architecture:            x86_64
Running under Rosetta:   NO
Available memory:        8192 MB
Using pre-set license
Pro License: NO

COMMAND LINE ARGUMENTS:
/Applications/Unity/Hub/Editor/2020.3.30f1/Unity.app/Contents/MacOS/Unity
-adb2
-batchMode
-noUpm
-name
AssetImportWorker0
-projectPath
/Users/charlottezhao/Delivery
-logFile
Logs/AssetImportWorker0.log
-srvPort
59142
Successfully changed project path to: /Users/charlottezhao/Delivery
/Users/charlottezhao/Delivery
Using Asset Import Pipeline V2.
Refreshing native plugins compatible for Editor in 92.06 ms, found 2 plugins.
Preloading 0 native plugins for Editor in 0.00 ms.
Initialize engine version: 2020.3.30f1 (1fb1bf06830e)
[Subsystems] Discovering subsystems at path /Applications/Unity/Hub/Editor/2020.3.30f1/Unity.app/Contents/Resources/UnitySubsystems
[Subsystems] Discovering subsystems at path /Users/charlottezhao/Delivery/Assets
GfxDevice: creating device client; threaded=0
2022-06-24 22:04:34.170 Unity[72903:3295199] Color LCD preferred device: Intel(R) Iris(TM) Graphics 550 (low power)
2022-06-24 22:04:34.170 Unity[72903:3295199] Metal devices available: 1
2022-06-24 22:04:34.170 Unity[72903:3295199] 0: Intel(R) Iris(TM) Graphics 550 (low power)
2022-06-24 22:04:34.170 Unity[72903:3295199] Using device Intel(R) Iris(TM) Graphics 550 (low power)
Initializing Metal device caps: Intel(R) Iris(TM) Graphics 550
Initialize mono
Mono path[0] = '/Applications/Unity/Hub/Editor/2020.3.30f1/Unity.app/Contents/Managed'
Mono path[1] = '/Applications/Unity/Hub/Editor/2020.3.30f1/Unity.app/Contents/MonoBleedingEdge/lib/mono/unityjit'
Mono config path = '/Applications/Unity/Hub/Editor/2020.3.30f1/Unity.app/Contents/MonoBleedingEdge/etc'
Using monoOptions --debugger-agent=transport=dt_socket,embedding=1,server=y,suspend=n,address=127.0.0.1:56903
Begin MonoManager ReloadAssembly
Registering precompiled unity dll's ...
Register platform support module: /Applications/Unity/Hub/Editor/2020.3.30f1/PlaybackEngines/WebGLSupport/UnityEditor.WebGL.Extensions.dll
Register platform support module: /Applications/Unity/Hub/Editor/2020.3.30f1/Unity.app/Contents/PlaybackEngines/MacStandaloneSupport/UnityEditor.OSXStandalone.Extensions.dll
Registered in 0.000643 seconds.
Native extension for OSXStandalone target not found
Native extension for WebGL target not found
Refreshing native plugins compatible for Editor in 62.55 ms, found 2 plugins.
Preloading 0 native plugins for Editor in 0.00 ms.
Mono: successfully reloaded assembly
- Completed reload, in  0.912 seconds
Domain Reload Profiling:
	ReloadAssembly (912ms)
		BeginReloadAssembly (65ms)
			ExecutionOrderSort (0ms)
			DisableScriptedObjects (0ms)
			BackupInstance (0ms)
			ReleaseScriptingObjects (0ms)
			CreateAndSetChildDomain (2ms)
		EndReloadAssembly (736ms)
			LoadAssemblies (64ms)
			RebuildTransferFunctionScriptingTraits (0ms)
			SetupTypeCache (278ms)
			ReleaseScriptCaches (0ms)
			RebuildScriptCaches (61ms)
			SetupLoadedEditorAssemblies (280ms)
				LogAssemblyErrors (0ms)
				InitializePlatformSupportModulesInManaged (6ms)
				SetLoadedEditorAssemblies (0ms)
				RefreshPlugins (63ms)
				BeforeProcessingInitializeOnLoad (15ms)
				ProcessInitializeOnLoadAttributes (157ms)
				ProcessInitializeOnLoadMethodAttributes (39ms)
				AfterProcessingInitializeOnLoad (0ms)
				EditorAssembliesLoaded (0ms)
			ExecutionOrderSort2 (0ms)
			AwakeInstancesAfterBackupRestoration (0ms)
Platform modules already initialized, skipping
Registering precompiled user dll's ...
Registered in 0.003698 seconds.
Begin MonoManager ReloadAssembly
Native extension for OSXStandalone target not found
Native extension for WebGL target not found
Refreshing native plugins compatible for Editor in 0.65 ms, found 2 plugins.
Preloading 0 native plugins for Editor in 0.00 ms.
Mono: successfully reloaded assembly
- Completed reload, in  1.794 seconds
Domain Reload Profiling:
	ReloadAssembly (1795ms)
		BeginReloadAssembly (241ms)
			ExecutionOrderSort (0ms)
			DisableScriptedObjects (8ms)
			BackupInstance (0ms)
			ReleaseScriptingObjects (0ms)
			CreateAndSetChildDomain (42ms)
		EndReloadAssembly (1439ms)
			LoadAssemblies (136ms)
			RebuildTransferFunctionScriptingTraits (0ms)
			SetupTypeCache (529ms)
			ReleaseScriptCaches (0ms)
			RebuildScriptCaches (95ms)
			SetupLoadedEditorAssemblies (488ms)
				LogAssemblyErrors (0ms)
				InitializePlatformSupportModulesInManaged (7ms)
				SetLoadedEditorAssemblies (1ms)
				RefreshPlugins (1ms)
				BeforeProcessingInitializeOnLoad (76ms)
				ProcessInitializeOnLoadAttributes (384ms)
				ProcessInitializeOnLoadMethodAttributes (15ms)
				AfterProcessingInitializeOnLoad (4ms)
				EditorAssembliesLoaded (1ms)
			ExecutionOrderSort2 (0ms)
			AwakeInstancesAfterBackupRestoration (12ms)
Platform modules already initialized, skipping
Validating Project structure ... 0.041338 seconds.
Shader import version has changed; will reimport all shaders...
Upgrading shader files ...0.030173 seconds.
Application.AssetDatabase Initial Script Refresh Start
RefreshInfo: InitialScriptRefreshV2(NoUpdateAssetOptions) scanfilter:  ... 1 filters
RefreshProfiler: Total: 0.000ms
Application.AssetDatabase Initial Script Refresh End
Application.AssetDatabase.Refresh Start
Application.AssetDatabase.Refresh End
RefreshInfo: StopAssetImportingV2(ForceSynchronousImport) scanfilter: 
RefreshProfiler: Total: 0.000ms
Launching external process: /Applications/Unity/Hub/Editor/2020.3.30f1/Unity.app/Contents/Tools/UnityShaderCompiler
Launched and connected shader compiler UnityShaderCompiler after 0.01 seconds
Initializing Unity extensions:
2022-06-24 22:04:42.103 Unity[72903:3295199] NSEventModifierFlagFunction specified to -setKeyEquivalentModifierMask: for item <NSMenuItem: 0x600003327a30 Font Asset, ke='Command-F12'>, but is only supported for system-provided menu items; will not be used
2022-06-24 22:04:42.108 Unity[72903:3295199] NSEventModifierFlagFunction specified to -setKeyEquivalentModifierMask: for item <NSMenuItem: 0x600003358a80 Font Asset, ke='Command-F12'>, but is only supported for system-provided menu items; will not be used
========================================================================
Worker process is ready to serve import requests
Refreshing native plugins compatible for Editor in 1.08 ms, found 2 plugins.
Preloading 0 native plugins for Editor in 0.00 ms.
Unloading 1812 Unused Serialized files (Serialized files now loaded: 0)
System memory in use before: 198.7 MB.
System memory in use after: 196.6 MB.

Unloading 152 unused Assets to reduce memory usage. Loaded Objects now: 2275.
Total: 5.229041 ms (FindLiveObjects: 0.201766 ms CreateObjectMapping: 0.088339 ms MarkObjects: 3.359782 ms  DeleteObjects: 1.577914 ms)

AssetImportParameters requested are different than current active one (requested -> active):
  custom:video-decoder-ogg-theora: a1e56fd34408186e4bbccfd4996cb3dc -> 
  custom:container-muxer-webm: aa71ff27fc2769a1b78a27578f13a17b -> 
  custom:container-demuxer-webm: 4f35f7cbe854078d1ac9338744f61a02 -> 
  custom:container-demuxer-ogg: 62fdf1f143b41e24485cea50d1cbac27 -> 
  custom:video-encoder-webm-vp8: eb34c28f22e8b96e1ab97ce403110664 -> 
  custom:framework-osx-AVFoundation: e770b220cccbd017edd2c1fefb359320 -> 
  custom:video-decoder-webm-vp8: 9c59270c3fd7afecdb556c50c9e8de78 -> 
  custom:audio-decoder-ogg-vorbis: bf7c407c2cedff20999df2af8eb42d56 -> 
  custom:audio-encoder-webm-vorbis: bf7c407c2cedff20999df2af8eb42d56 -> 
========================================================================
Received Import Request.
  path: Assets/assets packages/city assets/Materials/Material_meshs/air conditioner roof.mat
  artifactKey: Guid(6478e9d7e5b40ea41a729a2d7d3dc8bf) Importer(815301076,1909f56bfc062723c751e8b465ee728b)
Start importing Assets/assets packages/city assets/Materials/Material_meshs/air conditioner roof.mat using Guid(6478e9d7e5b40ea41a729a2d7d3dc8bf) Importer(815301076,1909f56bfc062723c751e8b465ee728b)  -> (artifact id: '66393487a31a20798893d4d2612f6018') in 1.746163 seconds 
========================================================================
Received Import Request.
  Time since last request: 0.000402 seconds.
  path: Assets/assets packages/city assets/Materials/Material_meshs/Bin.mat
  artifactKey: Guid(9bb4d7fbe560c91439bebb486de821e9) Importer(815301076,1909f56bfc062723c751e8b465ee728b)
Start importing Assets/assets packages/city assets/Materials/Material_meshs/Bin.mat using Guid(9bb4d7fbe560c91439bebb486de821e9) Importer(815301076,1909f56bfc062723c751e8b465ee728b)  -> (artifact id: '554c502f4acaf084ddb81b5c735f8b5e') in 0.013594 seconds 
========================================================================
Received Import Request.
  Time since last request: 0.000255 seconds.
  path: Assets/assets packages/food assets/soda.fbx
  artifactKey: Guid(c11ad3bf6b60944929547891ba7f304b) Importer(815301076,1909f56bfc062723c751e8b465ee728b)
Start importing Assets/assets packages/food assets/soda.fbx using Guid(c11ad3bf6b60944929547891ba7f304b) Importer(815301076,1909f56bfc062723c751e8b465ee728b)  -> (artifact id: 'd28f3dbfec44e253f32975157d31035d') in 0.255517 seconds 
========================================================================
Received Import Request.
  Time since last request: 0.000377 seconds.
  path: Assets/assets packages/city assets/Meshes,textures/Buildings_FBX/Materials/anyColors.mat
  artifactKey: Guid(44440db6b49a45a488e277b38d0e70cd) Importer(815301076,1909f56bfc062723c751e8b465ee728b)
Start importing Assets/assets packages/city assets/Meshes,textures/Buildings_FBX/Materials/anyColors.mat using Guid(44440db6b49a45a488e277b38d0e70cd) Importer(815301076,1909f56bfc062723c751e8b465ee728b)  -> (artifact id: '38d9563dfef81b1f30b7aa27a862c27f') in 0.012232 seconds 
========================================================================
Received Import Request.
  Time since last request: 0.000297 seconds.
  path: Assets/assets packages/city assets/Meshes,textures/Buildings_FBX/Materials/Black.mat
  artifactKey: Guid(4f7ccea6dc574aa448cc80ade94bd231) Importer(815301076,1909f56bfc062723c751e8b465ee728b)
Start importing Assets/assets packages/city assets/Meshes,textures/Buildings_FBX/Materials/Black.mat using Guid(4f7ccea6dc574aa448cc80ade94bd231) Importer(815301076,1909f56bfc062723c751e8b465ee728b)  -> (artifact id: 'd443737bef226bc0db262cac39bb629d') in 0.022502 seconds 
========================================================================
Received Import Request.
  Time since last request: 0.000369 seconds.
  path: Assets/assets packages/food assets/tajineLid.fbx
  artifactKey: Guid(9b07f06afdfff4b309f2ef846cc0ee6a) Importer(815301076,1909f56bfc062723c751e8b465ee728b)
Start importing Assets/assets packages/food assets/tajineLid.fbx using Guid(9b07f06afdfff4b309f2ef846cc0ee6a) Importer(815301076,1909f56bfc062723c751e8b465ee728b)  -> (artifact id: '567d04d07229232373d89cf48007f635') in 0.091857 seconds 
========================================================================
Received Import Request.
  Time since last request: 0.000329 seconds.
  path: Assets/assets packages/food assets/fish.fbx
  artifactKey: Guid(8cc1ac75b59f74083b7877e3667a1395) Importer(815301076,1909f56bfc062723c751e8b465ee728b)
Start importing Assets/assets packages/food assets/fish.fbx using Guid(8cc1ac75b59f74083b7877e3667a1395) Importer(815301076,1909f56bfc062723c751e8b465ee728b)  -> (artifact id: 'cad1459d56e4bd9590f8f851d208e888') in 0.048350 seconds 
========================================================================
Received Import Request.
  Time since last request: 0.000255 seconds.
  path: Assets/assets packages/food assets/sundae.fbx
  artifactKey: Guid(7282f13e3441743e1bc244cd8d9d6f6a) Importer(815301076,1909f56bfc062723c751e8b465ee728b)
Start importing Assets/assets packages/food assets/sundae.fbx using Guid(7282f13e3441743e1bc244cd8d9d6f6a) Importer(815301076,1909f56bfc062723c751e8b465ee728b)  -> (artifact id: '63d6ac59e5db72eb1f700e5e07c92f7b') in 0.197890 seconds 
========================================================================
Received Import Request.
  Time since last request: 0.001388 seconds.
  path: Assets/assets packages/food assets/styrofoam.fbx
  artifactKey: Guid(c41df6df9c21346a8bcb7d1917a64cf8) Importer(815301076,1909f56bfc062723c751e8b465ee728b)
Start importing Assets/assets packages/food assets/styrofoam.fbx using Guid(c41df6df9c21346a8bcb7d1917a64cf8) Importer(815301076,1909f56bfc062723c751e8b465ee728b)  -> (artifact id: '1ce7cae47a84332910f2af6497f5f5ad') in 0.100009 seconds 
========================================================================
Received Import Request.
  Time since last request: 0.000407 seconds.
  path: Assets/assets packages/food assets/makiRoe.fbx
  artifactKey: Guid(c97afce8735ee4ee092081d8cb91f074) Importer(815301076,1909f56bfc062723c751e8b465ee728b)
Start importing Assets/assets packages/food assets/makiRoe.fbx using Guid(c97afce8735ee4ee092081d8cb91f074) Importer(815301076,1909f56bfc062723c751e8b465ee728b)  -> (artifact id: 'e5fd18d7b1baf5db93391f51aaacfe31') in 0.085368 seconds 
========================================================================
Received Import Request.
  Time since last request: 0.000910 seconds.
  path: Assets/assets packages/city assets/Meshes,textures/props_FBX/Materials/big trash bin texture.mat
  artifactKey: Guid(85964dd2572020442a3be6557b6806c7) Importer(815301076,1909f56bfc062723c751e8b465ee728b)
Start importing Assets/assets packages/city assets/Meshes,textures/props_FBX/Materials/big trash bin texture.mat using Guid(85964dd2572020442a3be6557b6806c7) Importer(815301076,1909f56bfc062723c751e8b465ee728b)  -> (artifact id: '0249fe1783607565e7d025acdb941093') in 0.024250 seconds 
========================================================================
Received Import Request.
  Time since last request: 0.000364 seconds.
  path: Assets/assets packages/food assets/pot.fbx
  artifactKey: Guid(ca0ac006e31e04498a115a9ebf29686f) Importer(815301076,1909f56bfc062723c751e8b465ee728b)
Start importing Assets/assets packages/food assets/pot.fbx using Guid(ca0ac006e31e04498a115a9ebf29686f) Importer(815301076,1909f56bfc062723c751e8b465ee728b)  -> (artifact id: '59d0506a8a2f4cad4a2bd142e1ef1781') in 0.070599 seconds 
========================================================================
Received Import Request.
  Time since last request: 0.000374 seconds.
  path: Assets/assets packages/food assets/sandwich.fbx
  artifactKey: Guid(85fae63b14ff34a789ff0e02d320010c) Importer(815301076,1909f56bfc062723c751e8b465ee728b)
Start importing Assets/assets packages/food assets/sandwich.fbx using Guid(85fae63b14ff34a789ff0e02d320010c) Importer(815301076,1909f56bfc062723c751e8b465ee728b)  -> (artifact id: 'bfdbfc1237ea258961d9e7833ad2bcf1') in 0.138116 seconds 
========================================================================
Received Import Request.
  Time since last request: 0.000711 seconds.
  path: Assets/assets packages/food assets/iceCreamScoop.fbx
  artifactKey: Guid(d701a42bf752e4a9fadf8fe3a35e085b) Importer(815301076,1909f56bfc062723c751e8b465ee728b)
Start importing Assets/assets packages/food assets/iceCreamScoop.fbx using Guid(d701a42bf752e4a9fadf8fe3a35e085b) Importer(815301076,1909f56bfc062723c751e8b465ee728b)  -> (artifact id: 'db365158ef6e3a3839e1012c4429bd11') in 0.146966 seconds 
========================================================================
Received Import Request.
  Time since last request: 0.000646 seconds.
  path: Assets/assets packages/city assets/Meshes,textures/props_FBX/Materials/Bench texture.mat
  artifactKey: Guid(a19312ab838fe8f488b69158ea5d2f87) Importer(815301076,1909f56bfc062723c751e8b465ee728b)
Start importing Assets/assets packages/city assets/Meshes,textures/props_FBX/Materials/Bench texture.mat using Guid(a19312ab838fe8f488b69158ea5d2f87) Importer(815301076,1909f56bfc062723c751e8b465ee728b)  -> (artifact id: 'be6718b30a389169b19d49f1b53dd28f') in 0.039196 seconds 
========================================================================
Received Import Request.
  Time since last request: 0.000548 seconds.
  path: Assets/assets packages/food assets/radish.fbx
  artifactKey: Guid(3ea4ec30f14e04d4ab0f727213b52e74) Importer(815301076,1909f56bfc062723c751e8b465ee728b)
Start importing Assets/assets packages/food assets/radish.fbx using Guid(3ea4ec30f14e04d4ab0f727213b52e74) Importer(815301076,1909f56bfc062723c751e8b465ee728b)  -> (artifact id: '94d3a5b100416b8809d39e18da630b58') in 0.066115 seconds 
========================================================================
Received Import Request.
  Time since last request: 0.001114 seconds.
  path: Assets/assets packages/city assets/Materials/Material_meshs/Big_trash_bin.mat
  artifactKey: Guid(b6e4dbecc938a2948b3839b7d1409514) Importer(815301076,1909f56bfc062723c751e8b465ee728b)
Start importing Assets/assets packages/city assets/Materials/Material_meshs/Big_trash_bin.mat using Guid(b6e4dbecc938a2948b3839b7d1409514) Importer(815301076,1909f56bfc062723c751e8b465ee728b)  -> (artifact id: '56f03adbb5d5a6e1e044f0e3d67d123e') in 0.017051 seconds 
========================================================================
Received Import Request.
  Time since last request: 0.000790 seconds.
  path: Assets/assets packages/food assets/frikandelSpeciaal.fbx
  artifactKey: Guid(8ba357c470fc34e468f6c2cd25c051da) Importer(815301076,1909f56bfc062723c751e8b465ee728b)
Start importing Assets/assets packages/food assets/frikandelSpeciaal.fbx using Guid(8ba357c470fc34e468f6c2cd25c051da) Importer(815301076,1909f56bfc062723c751e8b465ee728b)  -> (artifact id: '25e73664dba3751adb501b48532b015c') in 0.131990 seconds 
========================================================================
Received Import Request.
  Time since last request: 0.000586 seconds.
  path: Assets/assets packages/food assets/riceBall.fbx
  artifactKey: Guid(24efd92882f2442179be410e8ec4cdb2) Importer(815301076,1909f56bfc062723c751e8b465ee728b)
Start importing Assets/assets packages/food assets/riceBall.fbx using Guid(24efd92882f2442179be410e8ec4cdb2) Importer(815301076,1909f56bfc062723c751e8b465ee728b)  -> (artifact id: 'f448029164a020580a97f5a1bd2e8a85') in 0.068753 seconds 
========================================================================
Received Import Request.
  Time since last request: 0.000282 seconds.
  path: Assets/assets packages/food assets/skewerVegetables.fbx
  artifactKey: Guid(3ad70d4baa7884aeb926978a21b26277) Importer(815301076,1909f56bfc062723c751e8b465ee728b)
Start importing Assets/assets packages/food assets/skewerVegetables.fbx using Guid(3ad70d4baa7884aeb926978a21b26277) Importer(815301076,1909f56bfc062723c751e8b465ee728b)  -> (artifact id: '61b43b401aa5e2fb3a8a9b62b6e19544') in 0.114693 seconds 
========================================================================
Received Import Request.
  Time since last request: 0.000333 seconds.
  path: Assets/assets packages/food assets/loaf.fbx
  artifactKey: Guid(b78545e7eb63d404da948096c790b9b6) Importer(815301076,1909f56bfc062723c751e8b465ee728b)
Start importing Assets/assets packages/food assets/loaf.fbx using Guid(b78545e7eb63d404da948096c790b9b6) Importer(815301076,1909f56bfc062723c751e8b465ee728b)  -> (artifact id: '7fa3e538af6a5cc999e23afb8b7787c7') in 0.098386 seconds 
========================================================================
Received Import Request.
  Time since last request: 0.000348 seconds.
  path: Assets/assets packages/food assets/loafRound.fbx
  artifactKey: Guid(1a7cf4aa2f27b49ad969539820dbe451) Importer(815301076,1909f56bfc062723c751e8b465ee728b)
Start importing Assets/assets packages/food assets/loafRound.fbx using Guid(1a7cf4aa2f27b49ad969539820dbe451) Importer(815301076,1909f56bfc062723c751e8b465ee728b)  -> (artifact id: '06c7b4ed6398f0a843ece0fe93cd516e') in 0.071171 seconds 
========================================================================
Received Import Request.
  Time since last request: 0.002278 seconds.
  path: Assets/assets packages/food assets/plateDinner.fbx
  artifactKey: Guid(ae6541aea66fb4b449f8d525d1a9a0f7) Importer(815301076,1909f56bfc062723c751e8b465ee728b)
Start importing Assets/assets packages/food assets/plateDinner.fbx using Guid(ae6541aea66fb4b449f8d525d1a9a0f7) Importer(815301076,1909f56bfc062723c751e8b465ee728b)  -> (artifact id: '19cc426ae49df1a35e506859b37266ba') in 0.097591 seconds 
========================================================================
Received Import Request.
  Time since last request: 0.000354 seconds.
  path: Assets/assets packages/food assets/sushiEgg.fbx
  artifactKey: Guid(5789f2ef82a8841c995b6698ea4f5e9f) Importer(815301076,1909f56bfc062723c751e8b465ee728b)
Start importing Assets/assets packages/food assets/sushiEgg.fbx using Guid(5789f2ef82a8841c995b6698ea4f5e9f) Importer(815301076,1909f56bfc062723c751e8b465ee728b)  -> (artifact id: 'e2446c636e01cfb7bf998a097b7ebf1e') in 0.047505 seconds 
========================================================================
Received Import Request.
  Time since last request: 0.000451 seconds.
  path: Assets/assets packages/food assets/potLid.fbx
  artifactKey: Guid(1f8d097b6e4b94f568058c821ae0e9c8) Importer(815301076,1909f56bfc062723c751e8b465ee728b)
Start importing Assets/assets packages/food assets/potLid.fbx using Guid(1f8d097b6e4b94f568058c821ae0e9c8) Importer(815301076,1909f56bfc062723c751e8b465ee728b)  -> (artifact id: '2adafc3db65df61f78a4e05cb452ca90') in 0.034975 seconds 
========================================================================
Received Import Request.
  Time since last request: 0.000307 seconds.
  path: Assets/assets packages/city assets/Materials/Colors_buildings/A3.mat
  artifactKey: Guid(c4d3a0c81c5ffb34889379e1a1cf85bb) Importer(815301076,1909f56bfc062723c751e8b465ee728b)
Start importing Assets/assets packages/city assets/Materials/Colors_buildings/A3.mat using Guid(c4d3a0c81c5ffb34889379e1a1cf85bb) Importer(815301076,1909f56bfc062723c751e8b465ee728b)  -> (artifact id: 'd5a6abd47bcf21d2edb83aabfb488c7e') in 0.010038 seconds 
========================================================================
Received Import Request.
  Time since last request: 0.000290 seconds.
  path: Assets/assets packages/food assets/turkey.fbx
  artifactKey: Guid(4ae3c409408c946f5b28424cbc2ba6ef) Importer(815301076,1909f56bfc062723c751e8b465ee728b)
Start importing Assets/assets packages/food assets/turkey.fbx using Guid(4ae3c409408c946f5b28424cbc2ba6ef) Importer(815301076,1909f56bfc062723c751e8b465ee728b)  -> (artifact id: 'd48c6de98562e24e084db28343f06760') in 0.109035 seconds 
========================================================================
Received Import Request.
  Time since last request: 0.000320 seconds.
  path: Assets/assets packages/food assets/sodaBottle.fbx
  artifactKey: Guid(d565c10035f664ed29c49942019afffc) Importer(815301076,1909f56bfc062723c751e8b465ee728b)
Start importing Assets/assets packages/food assets/sodaBottle.fbx using Guid(d565c10035f664ed29c49942019afffc) Importer(815301076,1909f56bfc062723c751e8b465ee728b)  -> (artifact id: '5e89ee29863ba5ec9e0f741eecb127be') in 0.089271 seconds 
========================================================================
Received Import Request.
  Time since last request: 0.000349 seconds.
  path: Assets/assets packages/city assets/Meshes,textures/props_FBX/Materials/bb.mat
  artifactKey: Guid(cd7195827f56c604b9894459d027a454) Importer(815301076,1909f56bfc062723c751e8b465ee728b)
Start importing Assets/assets packages/city assets/Meshes,textures/props_FBX/Materials/bb.mat using Guid(cd7195827f56c604b9894459d027a454) Importer(815301076,1909f56bfc062723c751e8b465ee728b)  -> (artifact id: '568e3d9475badb93ac592e3be69aeac6') in 0.010781 seconds 
========================================================================
Received Import Request.
  Time since last request: 0.000286 seconds.
  path: Assets/assets packages/food assets/salad.fbx
  artifactKey: Guid(556acb3057ba84220b69692181afeca6) Importer(815301076,1909f56bfc062723c751e8b465ee728b)
Start importing Assets/assets packages/food assets/salad.fbx using Guid(556acb3057ba84220b69692181afeca6) Importer(815301076,1909f56bfc062723c751e8b465ee728b)  -> (artifact id: 'eddbabc2a6c0f206f6cde7a87570fa9d') in 0.100348 seconds 
========================================================================
Received Import Request.
  Time since last request: 0.000355 seconds.
  path: Assets/assets packages/food assets/gingerBread.fbx
  artifactKey: Guid(87c8997cfa71442ce9788234f7889ce8) Importer(815301076,1909f56bfc062723c751e8b465ee728b)
Start importing Assets/assets packages/food assets/gingerBread.fbx using Guid(87c8997cfa71442ce9788234f7889ce8) Importer(815301076,1909f56bfc062723c751e8b465ee728b)  -> (artifact id: '6c4e1602df2765b7ee6d7cc9a5b2cba8') in 0.071990 seconds 
========================================================================
Received Import Request.
  Time since last request: 0.000323 seconds.
  path: Assets/assets packages/food assets/lemon.fbx
  artifactKey: Guid(5d6cbf30ff6f048bbb1cf58e990af7e8) Importer(815301076,1909f56bfc062723c751e8b465ee728b)
Start importing Assets/assets packages/food assets/lemon.fbx using Guid(5d6cbf30ff6f048bbb1cf58e990af7e8) Importer(815301076,1909f56bfc062723c751e8b465ee728b)  -> (artifact id: 'd4e4fe26429fd6c1179786100e1a8097') in 0.027649 seconds 
========================================================================
Received Import Request.
  Time since last request: 0.000339 seconds.
  path: Assets/assets packages/city assets/Materials/Colors_buildings/A1.mat
  artifactKey: Guid(1af4b0d855a4f694baba51a55f5c6cc9) Importer(815301076,1909f56bfc062723c751e8b465ee728b)
Start importing Assets/assets packages/city assets/Materials/Colors_buildings/A1.mat using Guid(1af4b0d855a4f694baba51a55f5c6cc9) Importer(815301076,1909f56bfc062723c751e8b465ee728b)  -> (artifact id: '199949df1be249e9fb79f064740a1bd4') in 0.013251 seconds 
========================================================================
Received Import Request.
  Time since last request: 0.000701 seconds.
  path: Assets/assets packages/city assets/Materials/Material_meshs/ATM.mat
  artifactKey: Guid(bebb1324c06709a45a60fa4db2eb003b) Importer(815301076,1909f56bfc062723c751e8b465ee728b)
Start importing Assets/assets packages/city assets/Materials/Material_meshs/ATM.mat using Guid(bebb1324c06709a45a60fa4db2eb003b) Importer(815301076,1909f56bfc062723c751e8b465ee728b)  -> (artifact id: '86582274ca2332c45641a972de0804b4') in 0.019011 seconds 
========================================================================
Received Import Request.
  Time since last request: 0.000512 seconds.
  path: Assets/assets packages/food assets/taco.fbx
  artifactKey: Guid(799014883279a47088bd70180a8531a4) Importer(815301076,1909f56bfc062723c751e8b465ee728b)
Start importing Assets/assets packages/food assets/taco.fbx using Guid(799014883279a47088bd70180a8531a4) Importer(815301076,1909f56bfc062723c751e8b465ee728b)  -> (artifact id: '62edf059ad3d40db508b4c27f7fb5503') in 0.128644 seconds 
========================================================================
Received Import Request.
  Time since last request: 0.000486 seconds.
  path: Assets/assets packages/food assets/grapes.fbx
  artifactKey: Guid(cf645c4c9a12548e79a347e00805dca1) Importer(815301076,1909f56bfc062723c751e8b465ee728b)
Start importing Assets/assets packages/food assets/grapes.fbx using Guid(cf645c4c9a12548e79a347e00805dca1) Importer(815301076,1909f56bfc062723c751e8b465ee728b)  -> (artifact id: '1f96a13dba0f1acbed24eb7f6ec31188') in 0.052932 seconds 
========================================================================
Received Import Request.
  Time since last request: 0.001936 seconds.
  path: Assets/assets packages/food assets/sodaCanCrushed.fbx
  artifactKey: Guid(48a8342f73ed7483fa73cb32bbd044cf) Importer(815301076,1909f56bfc062723c751e8b465ee728b)
Start importing Assets/assets packages/food assets/sodaCanCrushed.fbx using Guid(48a8342f73ed7483fa73cb32bbd044cf) Importer(815301076,1909f56bfc062723c751e8b465ee728b)  -> (artifact id: '5627cd6942c5273edefcd8f8ecfcf975') in 0.092846 seconds 
========================================================================
Received Import Request.
  Time since last request: 0.001643 seconds.
  path: Assets/assets packages/food assets/fryingPan.fbx
  artifactKey: Guid(790508c79d123458cb05b910d932faa9) Importer(815301076,1909f56bfc062723c751e8b465ee728b)
Start importing Assets/assets packages/food assets/fryingPan.fbx using Guid(790508c79d123458cb05b910d932faa9) Importer(815301076,1909f56bfc062723c751e8b465ee728b)  -> (artifact id: '92e3f0b6b0b3693f4d1c0a6073642504') in 0.140133 seconds 
========================================================================
Received Import Request.
  Time since last request: 0.000383 seconds.
  path: Assets/assets packages/food assets/sub.fbx
  artifactKey: Guid(eecdd46b49d0c48299e4492db622ef2a) Importer(815301076,1909f56bfc062723c751e8b465ee728b)
Start importing Assets/assets packages/food assets/sub.fbx using Guid(eecdd46b49d0c48299e4492db622ef2a) Importer(815301076,1909f56bfc062723c751e8b465ee728b)  -> (artifact id: 'e2fb1f780a001ff0d0428016c5fd1202') in 0.258904 seconds 
========================================================================
Received Import Request.
  Time since last request: 0.000342 seconds.
  path: Assets/assets packages/city assets/Meshes,textures/props_FBX/Materials/b.mat
  artifactKey: Guid(cea0889ca14d42e4593154852d28368e) Importer(815301076,1909f56bfc062723c751e8b465ee728b)
Start importing Assets/assets packages/city assets/Meshes,textures/props_FBX/Materials/b.mat using Guid(cea0889ca14d42e4593154852d28368e) Importer(815301076,1909f56bfc062723c751e8b465ee728b)  -> (artifact id: 'a2de21fb41ed8beec60bbeab7719ce41') in 0.011922 seconds 
========================================================================
Received Import Request.
  Time since last request: 0.000558 seconds.
  path: Assets/assets packages/city assets/Meshes,textures/Shops_FBX/Materials/Blue.mat
  artifactKey: Guid(82da9dd8eb8243145b9284b853d232b8) Importer(815301076,1909f56bfc062723c751e8b465ee728b)
Start importing Assets/assets packages/city assets/Meshes,textures/Shops_FBX/Materials/Blue.mat using Guid(82da9dd8eb8243145b9284b853d232b8) Importer(815301076,1909f56bfc062723c751e8b465ee728b)  -> (artifact id: '59178007ff559ef6837778c3fdd566d8') in 0.010386 seconds 
========================================================================
Received Import Request.
  Time since last request: 0.000594 seconds.
  path: Assets/assets packages/city assets/Meshes,textures/props_FBX/Materials/air conditioner.mat
  artifactKey: Guid(23e1939097e91614e957807a174ec241) Importer(815301076,1909f56bfc062723c751e8b465ee728b)
Start importing Assets/assets packages/city assets/Meshes,textures/props_FBX/Materials/air conditioner.mat using Guid(23e1939097e91614e957807a174ec241) Importer(815301076,1909f56bfc062723c751e8b465ee728b)  -> (artifact id: '906efb4b5eab8bfaa8fcccd9751f2d72') in 0.012206 seconds 
========================================================================
Received Import Request.
  Time since last request: 0.000328 seconds.
  path: Assets/assets packages/city assets/Materials/Material_meshs/bench.mat
  artifactKey: Guid(0cfe2f16ddac5b04b8acda9e8f8cb3ee) Importer(815301076,1909f56bfc062723c751e8b465ee728b)
Start importing Assets/assets packages/city assets/Materials/Material_meshs/bench.mat using Guid(0cfe2f16ddac5b04b8acda9e8f8cb3ee) Importer(815301076,1909f56bfc062723c751e8b465ee728b)  -> (artifact id: '43e360c068d8b8c4aefa380bbaf410a7') in 0.028929 seconds 
========================================================================
Received Import Request.
  Time since last request: 0.000586 seconds.
  path: Assets/assets packages/food assets/eggplant.fbx
  artifactKey: Guid(277a51247d72d4de49f54869223c27c2) Importer(815301076,1909f56bfc062723c751e8b465ee728b)
Start importing Assets/assets packages/food assets/eggplant.fbx using Guid(277a51247d72d4de49f54869223c27c2) Importer(815301076,1909f56bfc062723c751e8b465ee728b)  -> (artifact id: '546c47ff5ffa1082d39d3581083dd1e0') in 0.103903 seconds 
========================================================================
Received Import Request.
  Time since last request: 0.000449 seconds.
  path: Assets/assets packages/food assets/eggCup.fbx
  artifactKey: Guid(809c5337cd97446cd8aa6dbe8b1bc328) Importer(815301076,1909f56bfc062723c751e8b465ee728b)
Start importing Assets/assets packages/food assets/eggCup.fbx using Guid(809c5337cd97446cd8aa6dbe8b1bc328) Importer(815301076,1909f56bfc062723c751e8b465ee728b)  -> (artifact id: '0cd053166b2de20f1d59b169f89f0e69') in 0.039182 seconds 
========================================================================
Received Import Request.
  Time since last request: 0.000267 seconds.
  path: Assets/assets packages/food assets/makiSalmon.fbx
  artifactKey: Guid(1070807548b184bb5b8f9229fb03998f) Importer(815301076,1909f56bfc062723c751e8b465ee728b)
Start importing Assets/assets packages/food assets/makiSalmon.fbx using Guid(1070807548b184bb5b8f9229fb03998f) Importer(815301076,1909f56bfc062723c751e8b465ee728b)  -> (artifact id: 'b956d9ba58763caf93127ebc4e920cfe') in 0.090365 seconds 
========================================================================
Received Import Request.
  Time since last request: 0.000335 seconds.
  path: Assets/assets packages/food assets/pumpkinBasic.fbx
  artifactKey: Guid(7a80defffdcae49b3940a8ed6d4e368e) Importer(815301076,1909f56bfc062723c751e8b465ee728b)
Start importing Assets/assets packages/food assets/pumpkinBasic.fbx using Guid(7a80defffdcae49b3940a8ed6d4e368e) Importer(815301076,1909f56bfc062723c751e8b465ee728b)  -> (artifact id: '763a43ee02606905e014af6e51aaa11d') in 0.054163 seconds 
========================================================================
Received Import Request.
  Time since last request: 0.000333 seconds.
  path: Assets/assets packages/city assets/Meshes,textures/Shops_FBX/Materials/Box.mat
  artifactKey: Guid(0fc2caed038ff1d42bf1980427c601b9) Importer(815301076,1909f56bfc062723c751e8b465ee728b)
Start importing Assets/assets packages/city assets/Meshes,textures/Shops_FBX/Materials/Box.mat using Guid(0fc2caed038ff1d42bf1980427c601b9) Importer(815301076,1909f56bfc062723c751e8b465ee728b)  -> (artifact id: 'c9a6e886ccfaf3884929bdbb3e3934a3') in 0.010911 seconds 
========================================================================
Received Import Request.
  Time since last request: 0.000319 seconds.
  path: Assets/assets packages/food assets/eggHalf.fbx
  artifactKey: Guid(96708147d5d5b41549054f34aa539a20) Importer(815301076,1909f56bfc062723c751e8b465ee728b)
Start importing Assets/assets packages/food assets/eggHalf.fbx using Guid(96708147d5d5b41549054f34aa539a20) Importer(815301076,1909f56bfc062723c751e8b465ee728b)  -> (artifact id: '6aaf1eca3ff819c87acb6681a34ef299') in 0.134463 seconds 
========================================================================
Received Import Request.
  Time since last request: 0.001414 seconds.
  path: Assets/assets packages/city assets/Materials/Colors_buildings/A2.mat
  artifactKey: Guid(5188c7492ef51d143a7128aa9700788a) Importer(815301076,1909f56bfc062723c751e8b465ee728b)
Start importing Assets/assets packages/city assets/Materials/Colors_buildings/A2.mat using Guid(5188c7492ef51d143a7128aa9700788a) Importer(815301076,1909f56bfc062723c751e8b465ee728b)  -> (artifact id: '81617b1fa0b7bfad2262503e58c398fc') in 0.036066 seconds 
========================================================================
Received Import Request.
  Time since last request: 0.000340 seconds.
  path: Assets/assets packages/food assets/skewer.fbx
  artifactKey: Guid(2d18d57c0bdb849468fef4b96599a941) Importer(815301076,1909f56bfc062723c751e8b465ee728b)
Start importing Assets/assets packages/food assets/skewer.fbx using Guid(2d18d57c0bdb849468fef4b96599a941) Importer(815301076,1909f56bfc062723c751e8b465ee728b)  -> (artifact id: 'dc79d873c293064e9a0e457bb25b6322') in 0.146710 seconds 
========================================================================
Received Import Request.
  Time since last request: 0.000329 seconds.
  path: Assets/assets packages/food assets/soy.fbx
  artifactKey: Guid(eb5b7b95352184b22beda212c934a676) Importer(815301076,1909f56bfc062723c751e8b465ee728b)
Start importing Assets/assets packages/food assets/soy.fbx using Guid(eb5b7b95352184b22beda212c934a676) Importer(815301076,1909f56bfc062723c751e8b465ee728b)  -> (artifact id: '6c94b791f853c9def1273af111a629f4') in 0.055630 seconds 
========================================================================
Received Import Request.
  Time since last request: 0.000340 seconds.
  path: Assets/assets packages/city assets/Meshes,textures/props_FBX/Materials/bench 2 texture.mat
  artifactKey: Guid(16b51c3b85c41bd4c9abe08cf48bca5a) Importer(815301076,1909f56bfc062723c751e8b465ee728b)
Start importing Assets/assets packages/city assets/Meshes,textures/props_FBX/Materials/bench 2 texture.mat using Guid(16b51c3b85c41bd4c9abe08cf48bca5a) Importer(815301076,1909f56bfc062723c751e8b465ee728b)  -> (artifact id: '355bcb91a04f4ae1062cdc078f74440a') in 0.012022 seconds 
========================================================================
Received Import Request.
  Time since last request: 0.000399 seconds.
  path: Assets/assets packages/city assets/Meshes,textures/props_FBX/Materials/Bank_sign.mat
  artifactKey: Guid(6f0be97a636d5a2489367c289f3de81c) Importer(815301076,1909f56bfc062723c751e8b465ee728b)
Start importing Assets/assets packages/city assets/Meshes,textures/props_FBX/Materials/Bank_sign.mat using Guid(6f0be97a636d5a2489367c289f3de81c) Importer(815301076,1909f56bfc062723c751e8b465ee728b)  -> (artifact id: 'adb3129b979722fcde9f3cec471b368b') in 0.010007 seconds 
========================================================================
Received Import Request.
  Time since last request: 0.000495 seconds.
  path: Assets/assets packages/food assets/tajine.fbx
  artifactKey: Guid(917a05069c2d64bdca7a8c81966215af) Importer(815301076,1909f56bfc062723c751e8b465ee728b)
Start importing Assets/assets packages/food assets/tajine.fbx using Guid(917a05069c2d64bdca7a8c81966215af) Importer(815301076,1909f56bfc062723c751e8b465ee728b)  -> (artifact id: '6487a4ccce609a367cf4f585f9dc2c98') in 0.037559 seconds 
========================================================================
Received Import Request.
  Time since last request: 0.000304 seconds.
  path: Assets/assets packages/food assets/pudding.fbx
  artifactKey: Guid(2dff31fadf557443181f392a9d9ac945) Importer(815301076,1909f56bfc062723c751e8b465ee728b)
Start importing Assets/assets packages/food assets/pudding.fbx using Guid(2dff31fadf557443181f392a9d9ac945) Importer(815301076,1909f56bfc062723c751e8b465ee728b)  -> (artifact id: 'd80e473e0836bebcd9dd97a1c07bb9d2') in 0.081879 seconds 
========================================================================
Received Import Request.
  Time since last request: 0.002014 seconds.
  path: Assets/assets packages/city assets/Meshes,textures/props_FBX/Materials/ATM texture.mat
  artifactKey: Guid(080610dfd028a5b47bd2deadb789ebac) Importer(815301076,1909f56bfc062723c751e8b465ee728b)
Start importing Assets/assets packages/city assets/Meshes,textures/props_FBX/Materials/ATM texture.mat using Guid(080610dfd028a5b47bd2deadb789ebac) Importer(815301076,1909f56bfc062723c751e8b465ee728b)  -> (artifact id: '93d1048acea76e6ee3c6e48dca096107') in 0.014899 seconds 
========================================================================
Received Import Request.
  Time since last request: 0.000317 seconds.
  path: Assets/assets packages/food assets/iceCreamCone.fbx
  artifactKey: Guid(9ae3a5dc304704aa48a053af8c533792) Importer(815301076,1909f56bfc062723c751e8b465ee728b)
Start importing Assets/assets packages/food assets/iceCreamCone.fbx using Guid(9ae3a5dc304704aa48a053af8c533792) Importer(815301076,1909f56bfc062723c751e8b465ee728b)  -> (artifact id: '567bae8b4e56a1fdb35727d6bd918d33') in 0.030900 seconds 
========================================================================
Received Import Request.
  Time since last request: 0.000367 seconds.
  path: Assets/assets packages/food assets/shakerSalt.fbx
  artifactKey: Guid(99dede56d59ab4047a22a13cb8469267) Importer(815301076,1909f56bfc062723c751e8b465ee728b)
Start importing Assets/assets packages/food assets/shakerSalt.fbx using Guid(99dede56d59ab4047a22a13cb8469267) Importer(815301076,1909f56bfc062723c751e8b465ee728b)  -> (artifact id: '991b24500b2b4d0f13bdb850387ac9b2') in 0.107293 seconds 
========================================================================
Received Import Request.
  Time since last request: 0.000646 seconds.
  path: Assets/assets packages/food assets/lemonHalf.fbx
  artifactKey: Guid(a0b1a22231bf4478ab5b6d2bb7409ee3) Importer(815301076,1909f56bfc062723c751e8b465ee728b)
Start importing Assets/assets packages/food assets/lemonHalf.fbx using Guid(a0b1a22231bf4478ab5b6d2bb7409ee3) Importer(815301076,1909f56bfc062723c751e8b465ee728b)  -> (artifact id: '2226849d518a68af35096cf196b8fd15') in 0.077088 seconds 
========================================================================
Received Import Request.
  Time since last request: 0.000337 seconds.
  path: Assets/assets packages/food assets/frappe.fbx
  artifactKey: Guid(f9c1d2a7f896846c7b915a8a76e43813) Importer(815301076,1909f56bfc062723c751e8b465ee728b)
Start importing Assets/assets packages/food assets/frappe.fbx using Guid(f9c1d2a7f896846c7b915a8a76e43813) Importer(815301076,1909f56bfc062723c751e8b465ee728b)  -> (artifact id: '0e42b4f8e14593a79370d4523089a65a') in 0.062600 seconds 
========================================================================
Received Import Request.
  Time since last request: 0.000338 seconds.
  path: Assets/assets packages/food assets/sodaCan.fbx
  artifactKey: Guid(e4cd6a30ba07c4e88adfbba689c4b2b6) Importer(815301076,1909f56bfc062723c751e8b465ee728b)
Start importing Assets/assets packages/food assets/sodaCan.fbx using Guid(e4cd6a30ba07c4e88adfbba689c4b2b6) Importer(815301076,1909f56bfc062723c751e8b465ee728b)  -> (artifact id: '14f58dd75d55cde934c2532f4066ff67') in 0.090019 seconds 
========================================================================
Received Import Request.
  Time since last request: 0.000314 seconds.
  path: Assets/assets packages/food assets/plateSauerkraut.fbx
  artifactKey: Guid(2f18bb5232f984e0694a7e6d82f91dff) Importer(815301076,1909f56bfc062723c751e8b465ee728b)
Start importing Assets/assets packages/food assets/plateSauerkraut.fbx using Guid(2f18bb5232f984e0694a7e6d82f91dff) Importer(815301076,1909f56bfc062723c751e8b465ee728b)  -> (artifact id: '583e3bd00f356c0a536c769cf598bfbb') in 0.109824 seconds 
========================================================================
Received Import Request.
  Time since last request: 0.000548 seconds.
  path: Assets/assets packages/city assets/Materials/Material_meshs/air conditioner wall.mat
  artifactKey: Guid(cb6d4b2eccab7624ea771ecdd72639d5) Importer(815301076,1909f56bfc062723c751e8b465ee728b)
Start importing Assets/assets packages/city assets/Materials/Material_meshs/air conditioner wall.mat using Guid(cb6d4b2eccab7624ea771ecdd72639d5) Importer(815301076,1909f56bfc062723c751e8b465ee728b)  -> (artifact id: '7358f0490f5b39fab96867c738c4629b') in 0.011277 seconds 
========================================================================
Received Import Request.
  Time since last request: 0.000525 seconds.
  path: Assets/assets packages/food assets/glass.fbx
  artifactKey: Guid(2174725ddc16c40a8aea5e31b1611649) Importer(815301076,1909f56bfc062723c751e8b465ee728b)
Start importing Assets/assets packages/food assets/glass.fbx using Guid(2174725ddc16c40a8aea5e31b1611649) Importer(815301076,1909f56bfc062723c751e8b465ee728b)  -> (artifact id: '82381695d0b399709976f56707749fa3') in 0.025306 seconds 
========================================================================
Received Import Request.
  Time since last request: 0.000407 seconds.
  path: Assets/assets packages/city assets/Materials/Colors_buildings/A.mat
  artifactKey: Guid(3c98c150d6196ef419f666d71cf7d13f) Importer(815301076,1909f56bfc062723c751e8b465ee728b)
Start importing Assets/assets packages/city assets/Materials/Colors_buildings/A.mat using Guid(3c98c150d6196ef419f666d71cf7d13f) Importer(815301076,1909f56bfc062723c751e8b465ee728b)  -> (artifact id: '05ac4f668d4b95b697808be6124c1184') in 0.013021 seconds 
========================================================================
Received Import Request.
  Time since last request: 0.000294 seconds.
  path: Assets/assets packages/food assets/popsicleChocolate.fbx
  artifactKey: Guid(4ec07bdda19a64252922cbb3cb5114a5) Importer(815301076,1909f56bfc062723c751e8b465ee728b)
Start importing Assets/assets packages/food assets/popsicleChocolate.fbx using Guid(4ec07bdda19a64252922cbb3cb5114a5) Importer(815301076,1909f56bfc062723c751e8b465ee728b)  -> (artifact id: '59853597a4702f5df87028ba3e1e4cdd') in 0.054037 seconds 
========================================================================
Received Import Request.
  Time since last request: 0.004250 seconds.
  path: Assets/assets packages/food assets/sodaGlass.fbx
  artifactKey: Guid(358cb3b4b46f24d7db67eb7ba6519947) Importer(815301076,1909f56bfc062723c751e8b465ee728b)
Start importing Assets/assets packages/food assets/sodaGlass.fbx using Guid(358cb3b4b46f24d7db67eb7ba6519947) Importer(815301076,1909f56bfc062723c751e8b465ee728b)  -> (artifact id: '4abeac12dad5bd05c0b7859d8ebdd614') in 0.246284 seconds 
========================================================================
Received Import Request.
  Time since last request: 0.000511 seconds.
  path: Assets/assets packages/city assets/Materials/Colors_buildings/B1.mat
  artifactKey: Guid(b1aa805cd8c03914ea529c0d11595111) Importer(815301076,1909f56bfc062723c751e8b465ee728b)
Start importing Assets/assets packages/city assets/Materials/Colors_buildings/B1.mat using Guid(b1aa805cd8c03914ea529c0d11595111) Importer(815301076,1909f56bfc062723c751e8b465ee728b)  -> (artifact id: '72dd0b4e247d6cfe5c459e0b032f2288') in 0.013317 seconds 
========================================================================
Received Import Request.
  Time since last request: 0.000457 seconds.
  path: Assets/assets packages/food assets/plateRectangle.fbx
  artifactKey: Guid(d5ab63400cc014a09aac34da00a14917) Importer(815301076,1909f56bfc062723c751e8b465ee728b)
Start importing Assets/assets packages/food assets/plateRectangle.fbx using Guid(d5ab63400cc014a09aac34da00a14917) Importer(815301076,1909f56bfc062723c751e8b465ee728b)  -> (artifact id: 'fbd54a199cb03bc6be4fd650cd90ffee') in 0.094038 seconds 
========================================================================
Received Import Request.
  Time since last request: 0.002360 seconds.
  path: Assets/assets packages/city assets/Meshes,textures/Buildings_FBX/y_board.fbx
  artifactKey: Guid(cdf4cf4603b86654f845326f54a0562a) Importer(815301076,1909f56bfc062723c751e8b465ee728b)
Start importing Assets/assets packages/city assets/Meshes,textures/Buildings_FBX/y_board.fbx using Guid(cdf4cf4603b86654f845326f54a0562a) Importer(815301076,1909f56bfc062723c751e8b465ee728b)  -> (artifact id: 'f4a81c5f7f69a30af24d6747d8b623d3') in 0.051358 seconds 
========================================================================
Received Import Request.
  Time since last request: 0.006633 seconds.
  path: Assets/assets packages/city assets/Meshes,textures/Buildings_FBX/Materials/anger Stone 1.mat
  artifactKey: Guid(3c9d171695191cf4e8fdf893ac920d95) Importer(815301076,1909f56bfc062723c751e8b465ee728b)
Start importing Assets/assets packages/city assets/Meshes,textures/Buildings_FBX/Materials/anger Stone 1.mat using Guid(3c9d171695191cf4e8fdf893ac920d95) Importer(815301076,1909f56bfc062723c751e8b465ee728b)  -> (artifact id: 'f5ab7ffd09425e20b66b2f44b4e8bfa9') in 0.020784 seconds 
========================================================================
Received Import Request.
  Time since last request: 0.000323 seconds.
  path: Assets/assets packages/city assets/Meshes,textures/Shops_FBX/Materials/Brown.mat
  artifactKey: Guid(5489f8c81a0b1244a8670425b5a13b4f) Importer(815301076,1909f56bfc062723c751e8b465ee728b)
Start importing Assets/assets packages/city assets/Meshes,textures/Shops_FBX/Materials/Brown.mat using Guid(5489f8c81a0b1244a8670425b5a13b4f) Importer(815301076,1909f56bfc062723c751e8b465ee728b)  -> (artifact id: '4d397348333f9eaa97ced559fe3137aa') in 0.014366 seconds 
========================================================================
Received Import Request.
  Time since last request: 0.000382 seconds.
  path: Assets/assets packages/food assets/glassWine.fbx
  artifactKey: Guid(970e6ee9a238141e78b17598a43ee942) Importer(815301076,1909f56bfc062723c751e8b465ee728b)
Start importing Assets/assets packages/food assets/glassWine.fbx using Guid(970e6ee9a238141e78b17598a43ee942) Importer(815301076,1909f56bfc062723c751e8b465ee728b)  -> (artifact id: 'f638d817ad5d2c92107da9ff74beac41') in 0.277626 seconds 
========================================================================
Received Import Request.
  Time since last request: 0.000348 seconds.
  path: Assets/assets packages/city assets/Materials/Colors_buildings/B3.mat
  artifactKey: Guid(6654366d45d22054abd260171b0f7c04) Importer(815301076,1909f56bfc062723c751e8b465ee728b)
Start importing Assets/assets packages/city assets/Materials/Colors_buildings/B3.mat using Guid(6654366d45d22054abd260171b0f7c04) Importer(815301076,1909f56bfc062723c751e8b465ee728b)  -> (artifact id: 'd70445e2df10b1e3978d2bd442388dde') in 0.008820 seconds 
========================================================================
Received Import Request.
  Time since last request: 0.000327 seconds.
  path: Assets/assets packages/city assets/Meshes,textures/Buildings_FBX/Materials/brown.mat
  artifactKey: Guid(0fe9ab5ae0180f4488f304775757f8e7) Importer(815301076,1909f56bfc062723c751e8b465ee728b)
Start importing Assets/assets packages/city assets/Meshes,textures/Buildings_FBX/Materials/brown.mat using Guid(0fe9ab5ae0180f4488f304775757f8e7) Importer(815301076,1909f56bfc062723c751e8b465ee728b)  -> (artifact id: 'f3d222b820fd5a65062104cb54fcef6f') in 0.009818 seconds 
========================================================================
Received Import Request.
  Time since last request: 0.000697 seconds.
  path: Assets/assets packages/food assets/shakerPepper.fbx
  artifactKey: Guid(8c157858ada2a4b3cbae5309b6af9b56) Importer(815301076,1909f56bfc062723c751e8b465ee728b)
Start importing Assets/assets packages/food assets/shakerPepper.fbx using Guid(8c157858ada2a4b3cbae5309b6af9b56) Importer(815301076,1909f56bfc062723c751e8b465ee728b)  -> (artifact id: '40d74148f156864130e6e407bfe0cf33') in 0.055518 seconds 
========================================================================
Received Import Request.
  Time since last request: 0.000329 seconds.
  path: Assets/assets packages/city assets/Materials/Material_meshs/Bench 2.mat
  artifactKey: Guid(3c61eab8b04b7b84d89327b21cc91c6e) Importer(815301076,1909f56bfc062723c751e8b465ee728b)
Start importing Assets/assets packages/city assets/Materials/Material_meshs/Bench 2.mat using Guid(3c61eab8b04b7b84d89327b21cc91c6e) Importer(815301076,1909f56bfc062723c751e8b465ee728b)  -> (artifact id: 'b81970853e42beb53d33e2318aaf5511') in 0.056568 seconds 
========================================================================
Received Import Request.
  Time since last request: 0.000315 seconds.
  path: Assets/assets packages/food assets/lollypop.fbx
  artifactKey: Guid(49e0659d60f88427eaa6666b5ac2fdc0) Importer(815301076,1909f56bfc062723c751e8b465ee728b)
Start importing Assets/assets packages/food assets/lollypop.fbx using Guid(49e0659d60f88427eaa6666b5ac2fdc0) Importer(815301076,1909f56bfc062723c751e8b465ee728b)  -> (artifact id: '126f2c053d95d83994a8a0c637e84fed') in 0.073484 seconds 
========================================================================
Received Import Request.
  Time since last request: 0.000830 seconds.
  path: Assets/assets packages/food assets/sausageHalf.fbx
  artifactKey: Guid(ff5bd0c1cdf0c41b48c5240dc499d94c) Importer(815301076,1909f56bfc062723c751e8b465ee728b)
Start importing Assets/assets packages/food assets/sausageHalf.fbx using Guid(ff5bd0c1cdf0c41b48c5240dc499d94c) Importer(815301076,1909f56bfc062723c751e8b465ee728b)  -> (artifact id: 'f226985fbdc53ccb4b61bb954eeb5416') in 0.082751 seconds 
========================================================================
Received Import Request.
  Time since last request: 0.000353 seconds.
  path: Assets/assets packages/food assets/potStew.fbx
  artifactKey: Guid(91495dc734ccc4ed8998f70a6a157c1e) Importer(815301076,1909f56bfc062723c751e8b465ee728b)
Start importing Assets/assets packages/food assets/potStew.fbx using Guid(91495dc734ccc4ed8998f70a6a157c1e) Importer(815301076,1909f56bfc062723c751e8b465ee728b)  -> (artifact id: '6e2af34a61466081f3010440094ebc4c') in 0.131373 seconds 
========================================================================
Received Import Request.
  Time since last request: 0.000350 seconds.
  path: Assets/assets packages/food assets/potStewLid.fbx
  artifactKey: Guid(0707be875e6f64934869eb68c265d614) Importer(815301076,1909f56bfc062723c751e8b465ee728b)
Start importing Assets/assets packages/food assets/potStewLid.fbx using Guid(0707be875e6f64934869eb68c265d614) Importer(815301076,1909f56bfc062723c751e8b465ee728b)  -> (artifact id: 'e82297aa5a0430e4343b9f33b4556e9f') in 0.037490 seconds 
========================================================================
Received Import Request.
  Time since last request: 0.000336 seconds.
  path: Assets/assets packages/city assets/Meshes,textures/Buildings_FBX/Materials/air.mat
  artifactKey: Guid(562511c18ddd2274f99dd4ec957c133b) Importer(815301076,1909f56bfc062723c751e8b465ee728b)
Start importing Assets/assets packages/city assets/Meshes,textures/Buildings_FBX/Materials/air.mat using Guid(562511c18ddd2274f99dd4ec957c133b) Importer(815301076,1909f56bfc062723c751e8b465ee728b)  -> (artifact id: '06ebf478c6ebaa2a3d203d62de4718a8') in 0.008215 seconds 
========================================================================
Received Import Request.
  Time since last request: 0.000327 seconds.
  path: Assets/assets packages/food assets/honey.fbx
  artifactKey: Guid(82509bf325a484c5ba55308593f5e4bc) Importer(815301076,1909f56bfc062723c751e8b465ee728b)
Start importing Assets/assets packages/food assets/honey.fbx using Guid(82509bf325a484c5ba55308593f5e4bc) Importer(815301076,1909f56bfc062723c751e8b465ee728b)  -> (artifact id: '94db53a82286dc795a2d3d2658746e8c') in 0.055202 seconds 
========================================================================
Received Import Request.
  Time since last request: 0.000257 seconds.
  path: Assets/assets packages/food assets/fryingPanLid.fbx
  artifactKey: Guid(869f42a747a5343cc8e46ed5bcb4b8c8) Importer(815301076,1909f56bfc062723c751e8b465ee728b)
Start importing Assets/assets packages/food assets/fryingPanLid.fbx using Guid(869f42a747a5343cc8e46ed5bcb4b8c8) Importer(815301076,1909f56bfc062723c751e8b465ee728b)  -> (artifact id: '3ad27a5d9faef2d2dc613e7fec438994') in 0.122201 seconds 
========================================================================
Received Import Request.
  Time since last request: 0.001009 seconds.
  path: Assets/assets packages/city assets/Materials/Colors_buildings/B2.mat
  artifactKey: Guid(792fa418de0281e4bab622f9a60c88b2) Importer(815301076,1909f56bfc062723c751e8b465ee728b)
Start importing Assets/assets packages/city assets/Materials/Colors_buildings/B2.mat using Guid(792fa418de0281e4bab622f9a60c88b2) Importer(815301076,1909f56bfc062723c751e8b465ee728b)  -> (artifact id: '98e3ca8afd906aa68acf72093623bb24') in 0.013466 seconds 
========================================================================
Received Import Request.
  Time since last request: 0.000377 seconds.
  path: Assets/assets packages/food assets/eggCooked.fbx
  artifactKey: Guid(45ed2f77e1d484a448de000b5587a0d8) Importer(815301076,1909f56bfc062723c751e8b465ee728b)
Start importing Assets/assets packages/food assets/eggCooked.fbx using Guid(45ed2f77e1d484a448de000b5587a0d8) Importer(815301076,1909f56bfc062723c751e8b465ee728b)  -> (artifact id: 'b67d893642a8235c87b354cfd2cc0a64') in 0.073367 seconds 
========================================================================
Received Import Request.
  Time since last request: 0.000308 seconds.
  path: Assets/assets packages/city assets/Meshes,textures/props_FBX/Materials/a.mat
  artifactKey: Guid(fd2f827207f9bfb459c8553827d27121) Importer(815301076,1909f56bfc062723c751e8b465ee728b)
Start importing Assets/assets packages/city assets/Meshes,textures/props_FBX/Materials/a.mat using Guid(fd2f827207f9bfb459c8553827d27121) Importer(815301076,1909f56bfc062723c751e8b465ee728b)  -> (artifact id: '3f447c1c62411e8237b984fed924063c') in 0.009917 seconds 
========================================================================
Received Import Request.
  Time since last request: 0.000355 seconds.
  path: Assets/assets packages/food assets/strawberry.fbx
  artifactKey: Guid(6b6c74b9841ad4846bce3fe8d586581d) Importer(815301076,1909f56bfc062723c751e8b465ee728b)
Start importing Assets/assets packages/food assets/strawberry.fbx using Guid(6b6c74b9841ad4846bce3fe8d586581d) Importer(815301076,1909f56bfc062723c751e8b465ee728b)  -> (artifact id: 'db700a57978bb376071db392e4decf49') in 0.052762 seconds 
========================================================================
Received Import Request.
  Time since last request: 0.000315 seconds.
  path: Assets/assets packages/food assets/hotDog.fbx
  artifactKey: Guid(d78122d836b0a4db6960abebaf3bac19) Importer(815301076,1909f56bfc062723c751e8b465ee728b)
Start importing Assets/assets packages/food assets/hotDog.fbx using Guid(d78122d836b0a4db6960abebaf3bac19) Importer(815301076,1909f56bfc062723c751e8b465ee728b)  -> (artifact id: 'b5e96ca4f55849f53993db4aa63a7968') in 0.184042 seconds 
========================================================================
Received Import Request.
  Time since last request: 0.000435 seconds.
  path: Assets/assets packages/food assets/sushiSalmon.fbx
  artifactKey: Guid(7975dce5b151b4698b1ea8267f30bd34) Importer(815301076,1909f56bfc062723c751e8b465ee728b)
Start importing Assets/assets packages/food assets/sushiSalmon.fbx using Guid(7975dce5b151b4698b1ea8267f30bd34) Importer(815301076,1909f56bfc062723c751e8b465ee728b)  -> (artifact id: 'df2aeb8a677879cbfc1b94c6e438c5bd') in 0.072427 seconds 
========================================================================
Received Import Request.
  Time since last request: 0.000578 seconds.
  path: Assets/assets packages/city assets/Meshes,textures/Buildings_FBX/Materials/Blue.mat
  artifactKey: Guid(e3ee103f69edbd64fb062ac94de5f32c) Importer(815301076,1909f56bfc062723c751e8b465ee728b)
Start importing Assets/assets packages/city assets/Meshes,textures/Buildings_FBX/Materials/Blue.mat using Guid(e3ee103f69edbd64fb062ac94de5f32c) Importer(815301076,1909f56bfc062723c751e8b465ee728b)  -> (artifact id: 'ede3e7e4f1c0e1e931e74896bcdf5ec1') in 0.016219 seconds 
========================================================================
Received Import Request.
  Time since last request: 0.000841 seconds.
  path: Assets/assets packages/city assets/Meshes,textures/Buildings_FBX/Materials/Box.mat
  artifactKey: Guid(fa932ef23504a6849b3c5eaca9a68738) Importer(815301076,1909f56bfc062723c751e8b465ee728b)
Start importing Assets/assets packages/city assets/Meshes,textures/Buildings_FBX/Materials/Box.mat using Guid(fa932ef23504a6849b3c5eaca9a68738) Importer(815301076,1909f56bfc062723c751e8b465ee728b)  -> (artifact id: '8d1a74a33ce6986ada7779edca46f9ef') in 0.013563 seconds 
========================================================================
Received Import Request.
  Time since last request: 0.000366 seconds.
  path: Assets/assets packages/city assets/Meshes,textures/props_FBX/Materials/air conditioner roof.mat
  artifactKey: Guid(81db9f30112f5fa449c171ddee2aaab6) Importer(815301076,1909f56bfc062723c751e8b465ee728b)
Start importing Assets/assets packages/city assets/Meshes,textures/props_FBX/Materials/air conditioner roof.mat using Guid(81db9f30112f5fa449c171ddee2aaab6) Importer(815301076,1909f56bfc062723c751e8b465ee728b)  -> (artifact id: '780f3697b3b80103bb363d49438c0a92') in 0.010293 seconds 
========================================================================
Received Import Request.
  Time since last request: 0.000486 seconds.
  path: Assets/assets packages/food assets/leek.fbx
  artifactKey: Guid(c0eddedb7643140e6b56047fbef4528c) Importer(815301076,1909f56bfc062723c751e8b465ee728b)
Start importing Assets/assets packages/food assets/leek.fbx using Guid(c0eddedb7643140e6b56047fbef4528c) Importer(815301076,1909f56bfc062723c751e8b465ee728b)  -> (artifact id: '0cb3bb49f53d196767b7521a81ed29f7') in 0.097636 seconds 
========================================================================
Received Import Request.
  Time since last request: 0.000263 seconds.
  path: Assets/assets packages/food assets/styrofoamDinner.fbx
  artifactKey: Guid(61d34f7f77eb64c9a9129d2c10385fd6) Importer(815301076,1909f56bfc062723c751e8b465ee728b)
Start importing Assets/assets packages/food assets/styrofoamDinner.fbx using Guid(61d34f7f77eb64c9a9129d2c10385fd6) Importer(815301076,1909f56bfc062723c751e8b465ee728b)  -> (artifact id: '966232a461020052c7f4617198de3fd8') in 0.169953 seconds 
========================================================================
Received Import Request.
  Time since last request: 0.000322 seconds.
  path: Assets/assets packages/city assets/Meshes,textures/Buildings_FBX/Materials/anger stone 2.mat
  artifactKey: Guid(5e66ca8df67043744a0d5a72b8229bc1) Importer(815301076,1909f56bfc062723c751e8b465ee728b)
Start importing Assets/assets packages/city assets/Meshes,textures/Buildings_FBX/Materials/anger stone 2.mat using Guid(5e66ca8df67043744a0d5a72b8229bc1) Importer(815301076,1909f56bfc062723c751e8b465ee728b)  -> (artifact id: '010d6aa7ecce7839e08e637d12cf3d42') in 0.009985 seconds 
========================================================================
Received Import Request.
  Time since last request: 0.000332 seconds.
  path: Assets/assets packages/city assets/Meshes,textures/props_FBX/Materials/Bin.mat
  artifactKey: Guid(126785ef1481f9c449f993253050442c) Importer(815301076,1909f56bfc062723c751e8b465ee728b)
Start importing Assets/assets packages/city assets/Meshes,textures/props_FBX/Materials/Bin.mat using Guid(126785ef1481f9c449f993253050442c) Importer(815301076,1909f56bfc062723c751e8b465ee728b)  -> (artifact id: '13867f3e222213a63c10b2edc338bee7') in 0.008633 seconds 
========================================================================
Received Import Request.
  Time since last request: 96.126536 seconds.
  path: Assets/Screen Shot 2022-06-24 at 9.54.00 PM.png
  artifactKey: Guid(ea40edc178d414ea9b07d02282253132) Importer(815301076,1909f56bfc062723c751e8b465ee728b)
Start importing Assets/Screen Shot 2022-06-24 at 9.54.00 PM.png using Guid(ea40edc178d414ea9b07d02282253132) Importer(815301076,1909f56bfc062723c751e8b465ee728b)  -> (artifact id: '7ee570233f346c69a388b8f6f4f0f880') in 1.150453 seconds 
========================================================================
Received Prepare
Registering precompiled user dll's ...
Registered in 0.005677 seconds.
Begin MonoManager ReloadAssembly
Native extension for OSXStandalone target not found
Native extension for WebGL target not found
Refreshing native plugins compatible for Editor in 0.78 ms, found 2 plugins.
Preloading 0 native plugins for Editor in 0.00 ms.
2022-06-24 22:07:33.965 Unity[72903:3295199] NSEventModifierFlagFunction specified to -setKeyEquivalentModifierMask: for item <NSMenuItem: 0x6000033555e0 Font Asset, ke='Command-F12'>, but is only supported for system-provided menu items; will not be used
Mono: successfully reloaded assembly
- Completed reload, in  1.689 seconds
Domain Reload Profiling:
	ReloadAssembly (1689ms)
		BeginReloadAssembly (197ms)
			ExecutionOrderSort (0ms)
			DisableScriptedObjects (6ms)
			BackupInstance (0ms)
			ReleaseScriptingObjects (0ms)
			CreateAndSetChildDomain (71ms)
		EndReloadAssembly (1411ms)
			LoadAssemblies (162ms)
			RebuildTransferFunctionScriptingTraits (0ms)
			SetupTypeCache (533ms)
			ReleaseScriptCaches (1ms)
			RebuildScriptCaches (82ms)
			SetupLoadedEditorAssemblies (476ms)
				LogAssemblyErrors (0ms)
				InitializePlatformSupportModulesInManaged (9ms)
				SetLoadedEditorAssemblies (1ms)
				RefreshPlugins (1ms)
				BeforeProcessingInitializeOnLoad (130ms)
				ProcessInitializeOnLoadAttributes (320ms)
				ProcessInitializeOnLoadMethodAttributes (13ms)
				AfterProcessingInitializeOnLoad (1ms)
				EditorAssembliesLoaded (0ms)
			ExecutionOrderSort2 (0ms)
			AwakeInstancesAfterBackupRestoration (8ms)
Platform modules already initialized, skipping
Refreshing native plugins compatible for Editor in 0.66 ms, found 2 plugins.
Preloading 0 native plugins for Editor in 0.00 ms.
Unloading 1763 Unused Serialized files (Serialized files now loaded: 0)
System memory in use before: 207.5 MB.
System memory in use after: 207.6 MB.

Unloading 13 unused Assets to reduce memory usage. Loaded Objects now: 2334.
Total: 5.482626 ms (FindLiveObjects: 0.243649 ms CreateObjectMapping: 0.100758 ms MarkObjects: 5.075970 ms  DeleteObjects: 0.061185 ms)

AssetImportParameters requested are different than current active one (requested -> active):
  custom:video-decoder-ogg-theora: a1e56fd34408186e4bbccfd4996cb3dc -> 
  custom:container-muxer-webm: aa71ff27fc2769a1b78a27578f13a17b -> 
  custom:container-demuxer-webm: 4f35f7cbe854078d1ac9338744f61a02 -> 
  custom:container-demuxer-ogg: 62fdf1f143b41e24485cea50d1cbac27 -> 
  custom:video-encoder-webm-vp8: eb34c28f22e8b96e1ab97ce403110664 -> 
  custom:framework-osx-AVFoundation: e770b220cccbd017edd2c1fefb359320 -> 
  custom:video-decoder-webm-vp8: 9c59270c3fd7afecdb556c50c9e8de78 -> 
  custom:audio-decoder-ogg-vorbis: bf7c407c2cedff20999df2af8eb42d56 -> 
  custom:audio-encoder-webm-vorbis: bf7c407c2cedff20999df2af8eb42d56 -> 
========================================================================
Received Prepare
Registering precompiled user dll's ...
Registered in 0.004555 seconds.
Begin MonoManager ReloadAssembly
Native extension for OSXStandalone target not found
Native extension for WebGL target not found
Refreshing native plugins compatible for Editor in 0.72 ms, found 2 plugins.
Preloading 0 native plugins for Editor in 0.00 ms.
2022-06-24 22:10:48.363 Unity[72903:3295199] NSEventModifierFlagFunction specified to -setKeyEquivalentModifierMask: for item <NSMenuItem: 0x60000335ff70 Font Asset, ke='Command-F12'>, but is only supported for system-provided menu items; will not be used
Mono: successfully reloaded assembly
- Completed reload, in  1.635 seconds
Domain Reload Profiling:
	ReloadAssembly (1635ms)
		BeginReloadAssembly (198ms)
			ExecutionOrderSort (0ms)
			DisableScriptedObjects (7ms)
			BackupInstance (0ms)
			ReleaseScriptingObjects (0ms)
			CreateAndSetChildDomain (61ms)
		EndReloadAssembly (1361ms)
			LoadAssemblies (166ms)
			RebuildTransferFunctionScriptingTraits (0ms)
			SetupTypeCache (457ms)
			ReleaseScriptCaches (1ms)
			RebuildScriptCaches (70ms)
			SetupLoadedEditorAssemblies (447ms)
				LogAssemblyErrors (0ms)
				InitializePlatformSupportModulesInManaged (6ms)
				SetLoadedEditorAssemblies (1ms)
				RefreshPlugins (1ms)
				BeforeProcessingInitializeOnLoad (122ms)
				ProcessInitializeOnLoadAttributes (301ms)
				ProcessInitializeOnLoadMethodAttributes (15ms)
				AfterProcessingInitializeOnLoad (1ms)
				EditorAssembliesLoaded (0ms)
			ExecutionOrderSort2 (0ms)
			AwakeInstancesAfterBackupRestoration (22ms)
Platform modules already initialized, skipping
Refreshing native plugins compatible for Editor in 0.82 ms, found 2 plugins.
Preloading 0 native plugins for Editor in 0.00 ms.
Unloading 1763 Unused Serialized files (Serialized files now loaded: 0)
System memory in use before: 208.4 MB.
System memory in use after: 208.5 MB.

Unloading 12 unused Assets to reduce memory usage. Loaded Objects now: 2347.
Total: 3.518428 ms (FindLiveObjects: 0.176829 ms CreateObjectMapping: 0.068623 ms MarkObjects: 3.250624 ms  DeleteObjects: 0.021277 ms)

AssetImportParameters requested are different than current active one (requested -> active):
  custom:video-decoder-ogg-theora: a1e56fd34408186e4bbccfd4996cb3dc -> 
  custom:container-muxer-webm: aa71ff27fc2769a1b78a27578f13a17b -> 
  custom:container-demuxer-webm: 4f35f7cbe854078d1ac9338744f61a02 -> 
  custom:container-demuxer-ogg: 62fdf1f143b41e24485cea50d1cbac27 -> 
  custom:video-encoder-webm-vp8: eb34c28f22e8b96e1ab97ce403110664 -> 
  custom:framework-osx-AVFoundation: e770b220cccbd017edd2c1fefb359320 -> 
  custom:video-decoder-webm-vp8: 9c59270c3fd7afecdb556c50c9e8de78 -> 
  custom:audio-decoder-ogg-vorbis: bf7c407c2cedff20999df2af8eb42d56 -> 
  custom:audio-encoder-webm-vorbis: bf7c407c2cedff20999df2af8eb42d56 -> 
========================================================================
Received Prepare
Registering precompiled user dll's ...
Registered in 0.001628 seconds.
Begin MonoManager ReloadAssembly
Native extension for OSXStandalone target not found
Native extension for WebGL target not found
Refreshing native plugins compatible for Editor in 0.63 ms, found 2 plugins.
Preloading 0 native plugins for Editor in 0.00 ms.
2022-06-24 22:12:45.012 Unity[72903:3295199] NSEventModifierFlagFunction specified to -setKeyEquivalentModifierMask: for item <NSMenuItem: 0x60000335f480 Font Asset, ke='Command-F12'>, but is only supported for system-provided menu items; will not be used
Mono: successfully reloaded assembly
- Completed reload, in  1.567 seconds
Domain Reload Profiling:
	ReloadAssembly (1568ms)
		BeginReloadAssembly (192ms)
			ExecutionOrderSort (0ms)
			DisableScriptedObjects (8ms)
			BackupInstance (0ms)
			ReleaseScriptingObjects (0ms)
			CreateAndSetChildDomain (61ms)
		EndReloadAssembly (1298ms)
			LoadAssemblies (172ms)
			RebuildTransferFunctionScriptingTraits (0ms)
			SetupTypeCache (450ms)
			ReleaseScriptCaches (1ms)
			RebuildScriptCaches (67ms)
			SetupLoadedEditorAssemblies (476ms)
				LogAssemblyErrors (0ms)
				InitializePlatformSupportModulesInManaged (6ms)
				SetLoadedEditorAssemblies (1ms)
				RefreshPlugins (1ms)
				BeforeProcessingInitializeOnLoad (120ms)
				ProcessInitializeOnLoadAttributes (336ms)
				ProcessInitializeOnLoadMethodAttributes (11ms)
				AfterProcessingInitializeOnLoad (1ms)
				EditorAssembliesLoaded (0ms)
			ExecutionOrderSort2 (0ms)
			AwakeInstancesAfterBackupRestoration (17ms)
Platform modules already initialized, skipping
Refreshing native plugins compatible for Editor in 0.59 ms, found 2 plugins.
Preloading 0 native plugins for Editor in 0.00 ms.
Unloading 1763 Unused Serialized files (Serialized files now loaded: 0)
System memory in use before: 208.6 MB.
System memory in use after: 208.7 MB.

Unloading 12 unused Assets to reduce memory usage. Loaded Objects now: 2360.
Total: 3.461798 ms (FindLiveObjects: 0.184884 ms CreateObjectMapping: 0.083207 ms MarkObjects: 3.167466 ms  DeleteObjects: 0.025322 ms)

AssetImportParameters requested are different than current active one (requested -> active):
  custom:video-decoder-ogg-theora: a1e56fd34408186e4bbccfd4996cb3dc -> 
  custom:container-muxer-webm: aa71ff27fc2769a1b78a27578f13a17b -> 
  custom:container-demuxer-webm: 4f35f7cbe854078d1ac9338744f61a02 -> 
  custom:container-demuxer-ogg: 62fdf1f143b41e24485cea50d1cbac27 -> 
  custom:video-encoder-webm-vp8: eb34c28f22e8b96e1ab97ce403110664 -> 
  custom:framework-osx-AVFoundation: e770b220cccbd017edd2c1fefb359320 -> 
  custom:video-decoder-webm-vp8: 9c59270c3fd7afecdb556c50c9e8de78 -> 
  custom:audio-decoder-ogg-vorbis: bf7c407c2cedff20999df2af8eb42d56 -> 
  custom:audio-encoder-webm-vorbis: bf7c407c2cedff20999df2af8eb42d56 -> 
========================================================================
Received Prepare
Registering precompiled user dll's ...
Registered in 0.002538 seconds.
Begin MonoManager ReloadAssembly
Native extension for OSXStandalone target not found
Native extension for WebGL target not found
Refreshing native plugins compatible for Editor in 0.65 ms, found 2 plugins.
Preloading 0 native plugins for Editor in 0.00 ms.
2022-06-24 22:12:59.885 Unity[72903:3295199] NSEventModifierFlagFunction specified to -setKeyEquivalentModifierMask: for item <NSMenuItem: 0x60000333d810 Font Asset, ke='Command-F12'>, but is only supported for system-provided menu items; will not be used
Mono: successfully reloaded assembly
- Completed reload, in  1.600 seconds
Domain Reload Profiling:
	ReloadAssembly (1601ms)
		BeginReloadAssembly (150ms)
			ExecutionOrderSort (0ms)
			DisableScriptedObjects (7ms)
			BackupInstance (0ms)
			ReleaseScriptingObjects (0ms)
			CreateAndSetChildDomain (68ms)
		EndReloadAssembly (1350ms)
			LoadAssemblies (109ms)
			RebuildTransferFunctionScriptingTraits (0ms)
			SetupTypeCache (413ms)
			ReleaseScriptCaches (2ms)
			RebuildScriptCaches (90ms)
			SetupLoadedEditorAssemblies (493ms)
				LogAssemblyErrors (0ms)
				InitializePlatformSupportModulesInManaged (8ms)
				SetLoadedEditorAssemblies (1ms)
				RefreshPlugins (1ms)
				BeforeProcessingInitializeOnLoad (138ms)
				ProcessInitializeOnLoadAttributes (331ms)
				ProcessInitializeOnLoadMethodAttributes (13ms)
				AfterProcessingInitializeOnLoad (1ms)
				EditorAssembliesLoaded (0ms)
			ExecutionOrderSort2 (0ms)
			AwakeInstancesAfterBackupRestoration (21ms)
Platform modules already initialized, skipping
Refreshing native plugins compatible for Editor in 0.62 ms, found 2 plugins.
Preloading 0 native plugins for Editor in 0.00 ms.
Unloading 1763 Unused Serialized files (Serialized files now loaded: 0)
System memory in use before: 208.8 MB.
System memory in use after: 208.9 MB.

Unloading 12 unused Assets to reduce memory usage. Loaded Objects now: 2373.
Total: 3.383469 ms (FindLiveObjects: 0.166131 ms CreateObjectMapping: 0.073210 ms MarkObjects: 3.121400 ms  DeleteObjects: 0.021848 ms)

AssetImportParameters requested are different than current active one (requested -> active):
  custom:video-decoder-ogg-theora: a1e56fd34408186e4bbccfd4996cb3dc -> 
  custom:container-muxer-webm: aa71ff27fc2769a1b78a27578f13a17b -> 
  custom:container-demuxer-webm: 4f35f7cbe854078d1ac9338744f61a02 -> 
  custom:container-demuxer-ogg: 62fdf1f143b41e24485cea50d1cbac27 -> 
  custom:video-encoder-webm-vp8: eb34c28f22e8b96e1ab97ce403110664 -> 
  custom:framework-osx-AVFoundation: e770b220cccbd017edd2c1fefb359320 -> 
  custom:video-decoder-webm-vp8: 9c59270c3fd7afecdb556c50c9e8de78 -> 
  custom:audio-decoder-ogg-vorbis: bf7c407c2cedff20999df2af8eb42d56 -> 
  custom:audio-encoder-webm-vorbis: bf7c407c2cedff20999df2af8eb42d56 -> 
========================================================================
Received Prepare
Registering precompiled user dll's ...
Registered in 0.001546 seconds.
Begin MonoManager ReloadAssembly
Native extension for OSXStandalone target not found
Native extension for WebGL target not found
Refreshing native plugins compatible for Editor in 0.89 ms, found 2 plugins.
Preloading 0 native plugins for Editor in 0.00 ms.
2022-06-24 22:14:20.679 Unity[72903:3295199] NSEventModifierFlagFunction specified to -setKeyEquivalentModifierMask: for item <NSMenuItem: 0x600003301b90 Font Asset, ke='Command-F12'>, but is only supported for system-provided menu items; will not be used
Mono: successfully reloaded assembly
- Completed reload, in  1.475 seconds
Domain Reload Profiling:
	ReloadAssembly (1475ms)
		BeginReloadAssembly (139ms)
			ExecutionOrderSort (0ms)
			DisableScriptedObjects (6ms)
			BackupInstance (0ms)
			ReleaseScriptingObjects (0ms)
			CreateAndSetChildDomain (64ms)
		EndReloadAssembly (1246ms)
			LoadAssemblies (96ms)
			RebuildTransferFunctionScriptingTraits (0ms)
			SetupTypeCache (388ms)
			ReleaseScriptCaches (1ms)
			RebuildScriptCaches (79ms)
			SetupLoadedEditorAssemblies (427ms)
				LogAssemblyErrors (0ms)
				InitializePlatformSupportModulesInManaged (8ms)
				SetLoadedEditorAssemblies (1ms)
				RefreshPlugins (1ms)
				BeforeProcessingInitializeOnLoad (109ms)
				ProcessInitializeOnLoadAttributes (298ms)
				ProcessInitializeOnLoadMethodAttributes (9ms)
				AfterProcessingInitializeOnLoad (1ms)
				EditorAssembliesLoaded (0ms)
			ExecutionOrderSort2 (0ms)
			AwakeInstancesAfterBackupRestoration (18ms)
Platform modules already initialized, skipping
Refreshing native plugins compatible for Editor in 0.50 ms, found 2 plugins.
Preloading 0 native plugins for Editor in 0.00 ms.
Unloading 1763 Unused Serialized files (Serialized files now loaded: 0)
System memory in use before: 209.0 MB.
System memory in use after: 209.1 MB.

Unloading 12 unused Assets to reduce memory usage. Loaded Objects now: 2386.
Total: 3.510818 ms (FindLiveObjects: 0.162095 ms CreateObjectMapping: 0.084891 ms MarkObjects: 3.242525 ms  DeleteObjects: 0.020460 ms)

AssetImportParameters requested are different than current active one (requested -> active):
  custom:video-decoder-ogg-theora: a1e56fd34408186e4bbccfd4996cb3dc -> 
  custom:container-muxer-webm: aa71ff27fc2769a1b78a27578f13a17b -> 
  custom:container-demuxer-webm: 4f35f7cbe854078d1ac9338744f61a02 -> 
  custom:container-demuxer-ogg: 62fdf1f143b41e24485cea50d1cbac27 -> 
  custom:video-encoder-webm-vp8: eb34c28f22e8b96e1ab97ce403110664 -> 
  custom:framework-osx-AVFoundation: e770b220cccbd017edd2c1fefb359320 -> 
  custom:video-decoder-webm-vp8: 9c59270c3fd7afecdb556c50c9e8de78 -> 
  custom:audio-decoder-ogg-vorbis: bf7c407c2cedff20999df2af8eb42d56 -> 
  custom:audio-encoder-webm-vorbis: bf7c407c2cedff20999df2af8eb42d56 -> 
